<?xml version="1.0" encoding="UTF-8"?>
<!-- Generated by org.testng.reporters.JUnitReportReporter -->
<testsuite hostname="DESKTOP-262HHAB" failures="0" tests="1" name="Tests.Scenario_finalized_for_Automation_test.Automationpractice_tests.RegisterToWebsiteTest" time="14.735" errors="0" timestamp="2021-11-01T18:08:16 IST" skipped="0">
  <testcase classname="Tests.Scenario_finalized_for_Automation_test.Automationpractice_tests.RegisterToWebsiteTest" name="registration" time="14.735"/>
  <system-out/>
</testsuite> <!-- Tests.Scenario_finalized_for_Automation_test.Automationpractice_tests.RegisterToWebsiteTest -->
