<?xml version="1.0" encoding="UTF-8"?>
<!-- Generated by org.testng.reporters.JUnitReportReporter -->
<testsuite hostname="DESKTOP-262HHAB" failures="0" tests="1" name="Tests.Scenario_finalized_for_Automation_test.QA_click_jet_tests.NegativeTestBookFlightTest" time="11.696" errors="0" timestamp="2021-11-01T18:08:16 IST" skipped="0">
  <testcase classname="Tests.Scenario_finalized_for_Automation_test.QA_click_jet_tests.NegativeTestBookFlightTest" name="NegativeTestSameDepAndArrivalLoc" time="11.696"/>
  <system-out/>
</testsuite> <!-- Tests.Scenario_finalized_for_Automation_test.QA_click_jet_tests.NegativeTestBookFlightTest -->
